<?xml version="1.0" encoding="UTF-8"?>
<testsuite xmlns:xsi="http://www.w3.org/2001/XMLSchema-instance" xsi:noNamespaceSchemaLocation="https://maven.apache.org/surefire/maven-surefire-plugin/xsd/surefire-test-report.xsd" name="cucumberOptions.TestRunner" time="0.93" tests="56" errors="0" skipped="49" failures="0">
  <properties>
[...]
</properties>
  <testcase name="Given Validate the browser" classname="Scenario: Home page default login" time="0">
    <skipped/>
    <system-out><![CDATA[Feature: Application Login
]]></system-out>
  </testcase>
  <testcase name="Given Validate the browser" classname="Scenario: Home page default login" time="0">
    <skipped/>
    <system-out><![CDATA[
  @PortalTest
  Scenario: Home page default login                                      # Account.feature:9
    Given User is on landing page                                        # MyStepDefinitions.user_is_on_landing_page()
    When User login into application with "manish" and password "gfdgsd" # MyStepDefinitions.user_login_into_application_with_something_and_password_something(String,String)
    Then Home page is populated                                          # MyStepDefinitions.home_page_is_populated()
    And Cards displayed are "true"                                       # MyStepDefinitions.cards_displayed_are_something(String)
]]></system-out>
  </testcase>
  <testcase name="Given Validate the browser" classname="Scenario: Home page default login" time="0">
    <skipped/>
    <system-out><![CDATA[
  @PortalTest
  Scenario: Home page default login                                              # Account.feature:16
    Given User is on landing page                                                # MyStepDefinitions.user_is_on_landing_page()
    When User login into application with "madffnish" and password "gfddsfdsgsd" # MyStepDefinitions.user_login_into_application_with_something_and_password_something(String,String)
    Then Home page is populated                                                  # MyStepDefinitions.home_page_is_populated()
    And Cards displayed are "false"                                              # MyStepDefinitions.cards_displayed_are_something(String)
]]></system-out>
  </testcase>
  <testcase name="When Browser is triggered" classname="Scenario: Home page default login" time="0">
    <skipped/>
  </testcase>
  <testcase name="When Browser is triggered" classname="Scenario: Home page default login" time="0">
    <skipped/>
  </testcase>
  <testcase name="When Browser is triggered" classname="Scenario: Home page default login" time="0">
    <skipped/>
  </testcase>
  <testcase name="Then check if browser is started" classname="Scenario: Home page default login" time="0">
    <skipped/>
  </testcase>
  <testcase name="Then check if browser is started" classname="Scenario: Home page default login" time="0">
    <skipped/>
  </testcase>
  <testcase name="Then check if browser is started" classname="Scenario: Home page default login" time="0">
    <skipped/>
  </testcase>
  <testcase name="Given User is on landing page" classname="Scenario: Home page default login" time="0">
    <skipped/>
    <system-out><![CDATA[
  Background:                        # Account.feature:3
    Given Validate the browser       # MyStepDefinitions.validate_the_browser()
    When Browser is triggered        # MyStepDefinitions.browser_is_triggered()
    Then check if browser is started # MyStepDefinitions.check_if_browser_is_started()
]]></system-out>
  </testcase>
  <testcase name="Given User is on landing page" classname="Scenario: Home page default login" time="0">
    <skipped/>
    <system-out><![CDATA[
  Background:                        # Account.feature:3
    Given Validate the browser       # MyStepDefinitions.validate_the_browser()
    When Browser is triggered        # MyStepDefinitions.browser_is_triggered()
    Then check if browser is started # MyStepDefinitions.check_if_browser_is_started()
]]></system-out>
  </testcase>
  <testcase name="Given User is on landing page" classname="Scenario: Home page default login" time="0">
    <skipped/>
    <system-out><![CDATA[
  Background:                        # Account.feature:3
    Given Validate the browser       # MyStepDefinitions.validate_the_browser()
    When Browser is triggered        # MyStepDefinitions.browser_is_triggered()
    Then check if browser is started # MyStepDefinitions.check_if_browser_is_started()
]]></system-out>
  </testcase>
  <testcase name="When User login into application with &quot;manish&quot; and password &quot;gfdgsd&quot;" classname="Scenario: Home page default login" time="0">
    <skipped/>
  </testcase>
  <testcase name="Then Home page is populated" classname="Scenario: Home page default login" time="0">
    <skipped/>
  </testcase>
  <testcase name="Then Home page is populated" classname="Scenario: Home page default login" time="0">
    <skipped/>
  </testcase>
  <testcase name="Then Home page is populated" classname="Scenario: Home page default login" time="0">
    <skipped/>
  </testcase>
  <testcase name="And Cards displayed are &quot;true&quot;" classname="Scenario: Home page default login" time="0">
    <skipped/>
  </testcase>
  <testcase name="Scenario: Home page default login" classname="Scenario: Home page default login" time="0.049"/>
  <testcase name="Scenario: Home page default login" classname="Scenario: Home page default login" time="0.067"/>
  <testcase name="Scenario: Home page default login" classname="Scenario: Home page default login" time="0.069"/>
  <testcase name="When User login into application with &quot;madffnish&quot; and password &quot;gfddsfdsgsd&quot;" classname="Scenario: Home page default login" time="0">
    <skipped/>
  </testcase>
  <testcase name="And Cards displayed are &quot;false&quot;" classname="Scenario: Home page default login" time="0">
    <skipped/>
  </testcase>
  <testcase name="And Cards displayed are &quot;false&quot;" classname="Scenario: Home page default login" time="0">
    <skipped/>
  </testcase>
  <testcase name="When User sign up with the following details" classname="Scenario: Home page default login" time="0">
    <skipped/>
  </testcase>
  <testcase name="Given Validate the browser" classname="| manish | manish1 |" time="0">
    <skipped/>
    <system-out><![CDATA[
  @PortalTest
  Scenario: Home page default login              # Account.feature:23
    Given User is on landing page                # MyStepDefinitions.user_is_on_landing_page()
    When User sign up with the following details # MyStepDefinitions.user_sign_up_with_the_following_details(DataTable)
    Then Home page is populated                  # MyStepDefinitions.home_page_is_populated()
    And Cards displayed are "false"              # MyStepDefinitions.cards_displayed_are_something(String)

  @PortalTest
  Scenario Outline: Home page default login                                   # Account.feature:31
    Given User is on landing page
    When User login in to application with <Username> and password <password>
    Then Home page is populated
    And Cards displayed are "false"

    Examples: 
]]></system-out>
  </testcase>
  <testcase name="When Browser is triggered" classname="| manish | manish1 |" time="0">
    <skipped/>
  </testcase>
  <testcase name="Then check if browser is started" classname="| manish | manish1 |" time="0">
    <skipped/>
  </testcase>
  <testcase name="Given User is on landing page" classname="| manish | manish1 |" time="0">
    <skipped/>
    <system-out><![CDATA[
  Background:                        # Account.feature:3
    Given Validate the browser       # MyStepDefinitions.validate_the_browser()
    When Browser is triggered        # MyStepDefinitions.browser_is_triggered()
    Then check if browser is started # MyStepDefinitions.check_if_browser_is_started()
]]></system-out>
  </testcase>
  <testcase name="When User login in to application with manish and password manish1" classname="| manish | manish1 |" time="0">
    <skipped/>
  </testcase>
  <testcase name="Then Home page is populated" classname="| manish | manish1 |" time="0">
    <skipped/>
  </testcase>
  <testcase name="And Cards displayed are &quot;false&quot;" classname="| manish | manish1 |" time="0">
    <skipped/>
  </testcase>
  <testcase name="| manish | manish1 |" classname="| manish | manish1 |" time="0.012"/>
  <testcase name="Given Validate the browser" classname="| manish1 | manish2 |" time="0">
    <skipped/>
    <system-out><![CDATA[
  @PortalTest
  Scenario Outline: Home page default login                            # Account.feature:39
    Given User is on landing page                                      # MyStepDefinitions.user_is_on_landing_page()
    When User login in to application with manish and password manish1 # MyStepDefinitions.user_login_into_application_with_and_password(String,String)
    Then Home page is populated                                        # MyStepDefinitions.home_page_is_populated()
    And Cards displayed are "false"                                    # MyStepDefinitions.cards_displayed_are_something(String)
]]></system-out>
  </testcase>
  <testcase name="When Browser is triggered" classname="| manish1 | manish2 |" time="0">
    <skipped/>
  </testcase>
  <testcase name="Then check if browser is started" classname="| manish1 | manish2 |" time="0">
    <skipped/>
  </testcase>
  <testcase name="Given User is on landing page" classname="| manish1 | manish2 |" time="0">
    <skipped/>
    <system-out><![CDATA[
  Background:                        # Account.feature:3
    Given Validate the browser       # MyStepDefinitions.validate_the_browser()
    When Browser is triggered        # MyStepDefinitions.browser_is_triggered()
    Then check if browser is started # MyStepDefinitions.check_if_browser_is_started()
]]></system-out>
  </testcase>
  <testcase name="When User login in to application with manish1 and password manish2" classname="| manish1 | manish2 |" time="0">
    <skipped/>
  </testcase>
  <testcase name="Then Home page is populated" classname="| manish1 | manish2 |" time="0">
    <skipped/>
  </testcase>
  <testcase name="And Cards displayed are &quot;false&quot;" classname="| manish1 | manish2 |" time="0">
    <skipped/>
  </testcase>
  <testcase name="| manish1 | manish2 |" classname="| manish1 | manish2 |" time="0.033"/>
  <testcase name="Given Validate the browser" classname="| manish2 | manish3 |" time="0">
    <skipped/>
    <system-out><![CDATA[
  @PortalTest
  Scenario Outline: Home page default login                             # Account.feature:40
    Given User is on landing page                                       # MyStepDefinitions.user_is_on_landing_page()
    When User login in to application with manish1 and password manish2 # MyStepDefinitions.user_login_into_application_with_and_password(String,String)
    Then Home page is populated                                         # MyStepDefinitions.home_page_is_populated()
    And Cards displayed are "false"                                     # MyStepDefinitions.cards_displayed_are_something(String)
]]></system-out>
  </testcase>
  <testcase name="When Browser is triggered" classname="| manish2 | manish3 |" time="0">
    <skipped/>
  </testcase>
  <testcase name="Then check if browser is started" classname="| manish2 | manish3 |" time="0">
    <skipped/>
  </testcase>
  <testcase name="Given User is on landing page" classname="| manish2 | manish3 |" time="0">
    <skipped/>
    <system-out><![CDATA[
  Background:                        # Account.feature:3
    Given Validate the browser       # MyStepDefinitions.validate_the_browser()
    When Browser is triggered        # MyStepDefinitions.browser_is_triggered()
    Then check if browser is started # MyStepDefinitions.check_if_browser_is_started()
]]></system-out>
  </testcase>
  <testcase name="When User login in to application with manish2 and password manish3" classname="| manish2 | manish3 |" time="0">
    <skipped/>
  </testcase>
  <testcase name="Then Home page is populated" classname="| manish2 | manish3 |" time="0">
    <skipped/>
  </testcase>
  <testcase name="And Cards displayed are &quot;false&quot;" classname="| manish2 | manish3 |" time="0">
    <skipped/>
  </testcase>
  <testcase name="| manish2 | manish3 |" classname="| manish2 | manish3 |" time="0.034"/>
  <testcase name="Given Validate the browser" classname="| manish3 | manish4 |" time="0">
    <skipped/>
    <system-out><![CDATA[
  @PortalTest
  Scenario Outline: Home page default login                             # Account.feature:41
    Given User is on landing page                                       # MyStepDefinitions.user_is_on_landing_page()
    When User login in to application with manish2 and password manish3 # MyStepDefinitions.user_login_into_application_with_and_password(String,String)
    Then Home page is populated                                         # MyStepDefinitions.home_page_is_populated()
    And Cards displayed are "false"                                     # MyStepDefinitions.cards_displayed_are_something(String)
]]></system-out>
  </testcase>
  <testcase name="When Browser is triggered" classname="| manish3 | manish4 |" time="0">
    <skipped/>
  </testcase>
  <testcase name="Then check if browser is started" classname="| manish3 | manish4 |" time="0">
    <skipped/>
  </testcase>
  <testcase name="Given User is on landing page" classname="| manish3 | manish4 |" time="0">
    <skipped/>
    <system-out><![CDATA[
  Background:                        # Account.feature:3
    Given Validate the browser       # MyStepDefinitions.validate_the_browser()
    When Browser is triggered        # MyStepDefinitions.browser_is_triggered()
    Then check if browser is started # MyStepDefinitions.check_if_browser_is_started()
]]></system-out>
  </testcase>
  <testcase name="When User login in to application with manish3 and password manish4" classname="| manish3 | manish4 |" time="0">
    <skipped/>
  </testcase>
  <testcase name="Then Home page is populated" classname="| manish3 | manish4 |" time="0">
    <skipped/>
  </testcase>
  <testcase name="And Cards displayed are &quot;false&quot;" classname="| manish3 | manish4 |" time="0">
    <skipped/>
  </testcase>
  <testcase name="| manish3 | manish4 |" classname="| manish3 | manish4 |" time="0.028"/>
</testsuite>